TN:
SF:src\components\Button.jsx
FN:7,(anonymous_0)
FNF:1
FNH:1
FNDA:36,(anonymous_0)
DA:7,1
DA:18,36
DA:20,36
DA:27,36
DA:33,36
DA:40,36
DA:42,36
DA:80,1
LF:8
LH:8
BRDA:9,0,0,0
BRDA:10,1,0,2
BRDA:11,2,0,36
BRDA:12,3,0,34
BRDA:14,4,0,36
BRDA:15,5,0,2
BRDA:40,6,0,36
BRDA:40,6,1,36
BRDA:52,7,0,36
BRDA:52,7,1,1
BRF:10
BRH:9
end_of_record
TN:
SF:src\components\Card.jsx
FN:5,(anonymous_0)
FNF:1
FNH:1
FNDA:50,(anonymous_0)
DA:5,2
DA:15,50
DA:23,50
DA:31,50
DA:39,50
DA:40,50
DA:41,50
DA:43,50
DA:53,50
DA:65,2
LF:10
LH:10
BRDA:7,0,0,16
BRDA:8,1,0,45
BRDA:9,2,0,45
BRDA:10,3,0,46
BRDA:12,4,0,16
BRDA:40,5,0,34
BRDA:40,5,1,16
BRDA:41,6,0,34
BRDA:41,6,1,16
BRF:9
BRH:9
end_of_record
TN:
SF:src\components\PostList.jsx
FN:7,(anonymous_0)
FN:19,(anonymous_1)
FN:24,(anonymous_2)
FN:27,(anonymous_3)
FN:36,(anonymous_4)
FN:83,(anonymous_5)
FN:88,(anonymous_6)
FN:99,(anonymous_7)
FN:103,(anonymous_8)
FNF:9
FNH:9
FNDA:16,(anonymous_0)
FNDA:33,(anonymous_1)
FNDA:3,(anonymous_2)
FNDA:32,(anonymous_3)
FNDA:32,(anonymous_4)
FNDA:34,(anonymous_5)
FNDA:1,(anonymous_6)
FNDA:32,(anonymous_7)
FNDA:1,(anonymous_8)
DA:7,1
DA:16,16
DA:19,33
DA:22,16
DA:24,3
DA:27,16
DA:28,32
DA:36,16
DA:37,32
DA:38,1
DA:41,16
DA:42,1
DA:50,15
DA:51,1
DA:64,14
DA:65,1
DA:78,13
DA:84,34
DA:88,1
DA:100,32
DA:103,1
DA:173,1
LF:22
LH:22
BRDA:8,0,0,0
BRDA:9,1,0,14
BRDA:10,2,0,15
BRDA:13,3,0,14
BRDA:14,4,0,15
BRDA:22,5,0,15
BRDA:22,5,1,1
BRDA:36,6,0,32
BRDA:37,7,0,31
BRDA:37,7,1,1
BRDA:41,8,0,1
BRDA:41,8,1,15
BRDA:41,9,0,16
BRDA:41,9,1,2
BRDA:50,10,0,1
BRDA:50,10,1,14
BRDA:64,11,0,1
BRDA:64,11,1,13
BRDA:81,12,0,13
BRDA:81,12,1,12
BRDA:86,13,0,12
BRDA:86,13,1,22
BRDA:103,14,0,1
BRDA:103,14,1,1
BRDA:110,15,0,32
BRDA:110,15,1,31
BRDA:138,16,0,32
BRDA:138,16,1,0
BRDA:145,17,0,32
BRDA:145,17,1,0
BRDA:149,18,0,32
BRDA:149,18,1,1
BRDA:157,19,0,13
BRDA:157,19,1,2
BRDA:165,20,0,1
BRDA:165,20,1,1
BRF:36
BRH:33
end_of_record
TN:
SF:src\tests\setup.js
FN:7,(anonymous_0)
FN:21,(anonymous_1)
FN:22,(anonymous_2)
FN:23,(anonymous_3)
FN:24,(anonymous_4)
FN:29,(anonymous_5)
FN:30,(anonymous_6)
FN:31,(anonymous_7)
FN:32,(anonymous_8)
FN:40,(anonymous_9)
FN:41,(anonymous_10)
FN:52,(anonymous_11)
FN:57,(anonymous_12)
FNF:13
FNH:0
FNDA:0,(anonymous_0)
FNDA:0,(anonymous_1)
FNDA:0,(anonymous_2)
FNDA:0,(anonymous_3)
FNDA:0,(anonymous_4)
FNDA:0,(anonymous_5)
FNDA:0,(anonymous_6)
FNDA:0,(anonymous_7)
FNDA:0,(anonymous_8)
FNDA:0,(anonymous_9)
FNDA:0,(anonymous_10)
FNDA:0,(anonymous_11)
FNDA:0,(anonymous_12)
DA:5,0
DA:7,0
DA:20,0
DA:28,0
DA:36,0
DA:39,0
DA:40,0
DA:41,0
DA:42,0
DA:46,0
DA:48,0
DA:52,0
DA:53,0
DA:57,0
DA:58,0
LF:15
LH:0
BRDA:42,0,0,0
BRDA:42,0,1,0
BRDA:43,1,0,0
BRDA:43,1,1,0
BRF:4
BRH:0
end_of_record
